# JRE version: OpenJDK Runtime Environment (8.0_242) (build 1.8.0_242-release-1644-b3-6222593)
# Java VM: OpenJDK 64-Bit Server VM (25.242-b3-6222593 mixed mode linux-amd64 compressed oops)
Heap:
 PSYoungGen      total 538624K, used 8763K [0x00000000d5580000, 0x00000000f7880000, 0x0000000100000000)
  eden space 517120K, 0% used [0x00000000d5580000,0x00000000d5580000,0x00000000f4e80000)
  from space 21504K, 40% used [0x00000000f4e80000,0x00000000f570ecd0,0x00000000f6380000)
  to   space 18432K, 0% used [0x00000000f6680000,0x00000000f6680000,0x00000000f7880000)
 ParOldGen       total 130560K, used 96418K [0x0000000080000000, 0x0000000087f80000, 0x00000000d5580000)
  object space 130560K, 73% used [0x0000000080000000,0x0000000085e28a50,0x0000000087f80000)
 Metaspace       used 77042K, capacity 80848K, committed 81448K, reserved 1120256K
  class space    used 10432K, capacity 11169K, committed 11312K, reserved 1048576K
GC Heap History (10 events):
Event: 132.201 GC heap after
Heap after GC invocations=30 (full 4):
 PSYoungGen      total 351744K, used 3296K [0x00000000d5580000, 0x00000000ec700000, 0x0000000100000000)
  eden space 333312K, 0% used [0x00000000d5580000,0x00000000d5580000,0x00000000e9b00000)
  from space 18432K, 17% used [0x00000000eb500000,0x00000000eb838010,0x00000000ec700000)
  to   space 22528K, 0% used [0x00000000e9b00000,0x00000000e9b00000,0x00000000eb100000)
 ParOldGen       total 130560K, used 74016K [0x0000000080000000, 0x0000000087f80000, 0x00000000d5580000)
  object space 130560K, 56% used [0x0000000080000000,0x0000000084848180,0x0000000087f80000)
 Metaspace       used 76141K, capacity 79822K, committed 80680K, reserved 1118208K
  class space    used 10367K, capacity 11068K, committed 11312K, reserved 1048576K
}
Event: 133.641 GC heap before
{Heap before GC invocations=31 (full 4):
 PSYoungGen      total 351744K, used 336608K [0x00000000d5580000, 0x00000000ec700000, 0x0000000100000000)
  eden space 333312K, 100% used [0x00000000d5580000,0x00000000e9b00000,0x00000000e9b00000)
  from space 18432K, 17% used [0x00000000eb500000,0x00000000eb838010,0x00000000ec700000)
  to   space 22528K, 0% used [0x00000000e9b00000,0x00000000e9b00000,0x00000000eb100000)
 ParOldGen       total 130560K, used 74016K [0x0000000080000000, 0x0000000087f80000, 0x00000000d5580000)
  object space 130560K, 56% used [0x0000000080000000,0x0000000084848180,0x0000000087f80000)
 Metaspace       used 76190K, capacity 79844K, committed 80680K, reserved 1118208K
  class space    used 10367K, capacity 11069K, committed 11312K, reserved 1048576K
Event: 133.709 GC heap after
Heap after GC invocations=31 (full 4):
 PSYoungGen      total 355840K, used 10330K [0x00000000d5580000, 0x00000000f0f80000, 0x0000000100000000)
  eden space 333312K, 0% used [0x00000000d5580000,0x00000000d5580000,0x00000000e9b00000)
  from space 22528K, 45% used [0x00000000e9b00000,0x00000000ea516a18,0x00000000eb100000)
  to   space 22528K, 0% used [0x00000000ef980000,0x00000000ef980000,0x00000000f0f80000)
 ParOldGen       total 130560K, used 77103K [0x0000000080000000, 0x0000000087f80000, 0x00000000d5580000)
  object space 130560K, 59% used [0x0000000080000000,0x0000000084b4be00,0x0000000087f80000)
 Metaspace       used 76190K, capacity 79844K, committed 80680K, reserved 1118208K
  class space    used 10367K, capacity 11069K, committed 11312K, reserved 1048576K
}
Event: 135.642 GC heap before
{Heap before GC invocations=32 (full 4):
 PSYoungGen      total 355840K, used 343642K [0x00000000d5580000, 0x00000000f0f80000, 0x0000000100000000)
  eden space 333312K, 100% used [0x00000000d5580000,0x00000000e9b00000,0x00000000e9b00000)
  from space 22528K, 45% used [0x00000000e9b00000,0x00000000ea516a18,0x00000000eb100000)
  to   space 22528K, 0% used [0x00000000ef980000,0x00000000ef980000,0x00000000f0f80000)
 ParOldGen       total 130560K, used 77103K [0x0000000080000000, 0x0000000087f80000, 0x00000000d5580000)
  object space 130560K, 59% used [0x0000000080000000,0x0000000084b4be00,0x0000000087f80000)
 Metaspace       used 76363K, capacity 80004K, committed 80680K, reserved 1118208K
  class space    used 10370K, capacity 11073K, committed 11312K, reserved 1048576K
Event: 135.674 GC heap after
Heap after GC invocations=32 (full 4):
 PSYoungGen      total 423936K, used 3553K [0x00000000d5580000, 0x00000000f0b80000, 0x0000000100000000)
  eden space 405504K, 0% used [0x00000000d5580000,0x00000000d5580000,0x00000000ee180000)
  from space 18432K, 19% used [0x00000000ef980000,0x00000000efcf85f0,0x00000000f0b80000)
  to   space 21504K, 0% used [0x00000000ee180000,0x00000000ee180000,0x00000000ef680000)
 ParOldGen       total 130560K, used 82983K [0x0000000080000000, 0x0000000087f80000, 0x00000000d5580000)
  object space 130560K, 63% used [0x0000000080000000,0x0000000085109c98,0x0000000087f80000)
 Metaspace       used 76363K, capacity 80004K, committed 80680K, reserved 1118208K
  class space    used 10370K, capacity 11073K, committed 11312K, reserved 1048576K
}
Event: 138.288 GC heap before
{Heap before GC invocations=33 (full 4):
 PSYoungGen      total 423936K, used 409057K [0x00000000d5580000, 0x00000000f0b80000, 0x0000000100000000)
  eden space 405504K, 100% used [0x00000000d5580000,0x00000000ee180000,0x00000000ee180000)
  from space 18432K, 19% used [0x00000000ef980000,0x00000000efcf85f0,0x00000000f0b80000)
  to   space 21504K, 0% used [0x00000000ee180000,0x00000000ee180000,0x00000000ef680000)
 ParOldGen       total 130560K, used 82983K [0x0000000080000000, 0x0000000087f80000, 0x00000000d5580000)
  object space 130560K, 63% used [0x0000000080000000,0x0000000085109c98,0x0000000087f80000)
 Metaspace       used 76443K, capacity 80090K, committed 80936K, reserved 1118208K
  class space    used 10372K, capacity 11076K, committed 11312K, reserved 1048576K
Event: 140.258 GC heap after
Heap after GC invocations=33 (full 4):
 PSYoungGen      total 427008K, used 13418K [0x00000000d5580000, 0x00000000f7c80000, 0x0000000100000000)
  eden space 405504K, 0% used [0x00000000d5580000,0x00000000d5580000,0x00000000ee180000)
  from space 21504K, 62% used [0x00000000ee180000,0x00000000eee9aa28,0x00000000ef680000)
  to   space 22528K, 0% used [0x00000000f6680000,0x00000000f6680000,0x00000000f7c80000)
 ParOldGen       total 130560K, used 84805K [0x0000000080000000, 0x0000000087f80000, 0x00000000d5580000)
  object space 130560K, 64% used [0x0000000080000000,0x00000000852d1528,0x0000000087f80000)
 Metaspace       used 76443K, capacity 80090K, committed 80936K, reserved 1118208K
  class space    used 10372K, capacity 11076K, committed 11312K, reserved 1048576K
}
Event: 142.295 GC heap before
{Heap before GC invocations=34 (full 4):
 PSYoungGen      total 427008K, used 418922K [0x00000000d5580000, 0x00000000f7c80000, 0x0000000100000000)
  eden space 405504K, 100% used [0x00000000d5580000,0x00000000ee180000,0x00000000ee180000)
  from space 21504K, 62% used [0x00000000ee180000,0x00000000eee9aa28,0x00000000ef680000)
  to   space 22528K, 0% used [0x00000000f6680000,0x00000000f6680000,0x00000000f7c80000)
 ParOldGen       total 130560K, used 84805K [0x0000000080000000, 0x0000000087f80000, 0x00000000d5580000)
  object space 130560K, 64% used [0x0000000080000000,0x00000000852d1528,0x0000000087f80000)
 Metaspace       used 76532K, capacity 80248K, committed 80936K, reserved 1118208K
  class space    used 10372K, capacity 11077K, committed 11312K, reserved 1048576K
Event: 142.326 GC heap after
Heap after GC invocations=34 (full 4):
 PSYoungGen      total 535552K, used 4179K [0x00000000d5580000, 0x00000000f7880000, 0x0000000100000000)
  eden space 517120K, 0% used [0x00000000d5580000,0x00000000d5580000,0x00000000f4e80000)
  from space 18432K, 22% used [0x00000000f6680000,0x00000000f6a94ed8,0x00000000f7880000)
  to   space 21504K, 0% used [0x00000000f4e80000,0x00000000f4e80000,0x00000000f6380000)
 ParOldGen       total 130560K, used 94527K [0x0000000080000000, 0x0000000087f80000, 0x00000000d5580000)
  object space 130560K, 72% used [0x0000000080000000,0x0000000085c4fce0,0x0000000087f80000)
 Metaspace       used 76532K, capacity 80248K, committed 80936K, reserved 1118208K
  class space    used 10372K, capacity 11077K, committed 11312K, reserved 1048576K
}
Event: 151.389 GC heap before
{Heap before GC invocations=35 (full 4):
 PSYoungGen      total 535552K, used 521299K [0x00000000d5580000, 0x00000000f7880000, 0x0000000100000000)
  eden space 517120K, 100% used [0x00000000d5580000,0x00000000f4e80000,0x00000000f4e80000)
  from space 18432K, 22% used [0x00000000f6680000,0x00000000f6a94ed8,0x00000000f7880000)
  to   space 21504K, 0% used [0x00000000f4e80000,0x00000000f4e80000,0x00000000f6380000)
 ParOldGen       total 130560K, used 94527K [0x0000000080000000, 0x0000000087f80000, 0x00000000d5580000)
  object space 130560K, 72% used [0x0000000080000000,0x0000000085c4fce0,0x0000000087f80000)
 Metaspace       used 77042K, capacity 80848K, committed 81448K, reserved 1120256K
  class space    used 10432K, capacity 11169K, committed 11312K, reserved 1048576K

