# JRE version: OpenJDK Runtime Environment (8.0_242) (build 1.8.0_242-release-1644-b3-6222593)
# Java VM: OpenJDK 64-Bit Server VM (25.242-b3-6222593 mixed mode linux-amd64 compressed oops)
Heap:
 PSYoungGen      total 348672K, used 20466K [0x00000000d5580000, 0x00000000ebe00000, 0x0000000100000000)
  eden space 328192K, 0% used [0x00000000d5580000,0x00000000d5580000,0x00000000e9600000)
  from space 20480K, 99% used [0x00000000e9600000,0x00000000ea9fca40,0x00000000eaa00000)
  to   space 13312K, 0% used [0x00000000eb100000,0x00000000eb100000,0x00000000ebe00000)
 ParOldGen       total 74752K, used 69736K [0x0000000080000000, 0x0000000084900000, 0x00000000d5580000)
  object space 74752K, 93% used [0x0000000080000000,0x000000008441a3c0,0x0000000084900000)
 Metaspace       used 85238K, capacity 89414K, committed 89640K, reserved 1126400K
  class space    used 11521K, capacity 12334K, committed 12336K, reserved 1048576K
GC Heap History (10 events):
Event: 106.358 GC heap after
Heap after GC invocations=13 (full 2):
 PSYoungGen      total 178176K, used 12772K [0x00000000d5580000, 0x00000000e5e80000, 0x0000000100000000)
  eden space 165376K, 0% used [0x00000000d5580000,0x00000000d5580000,0x00000000df700000)
  from space 12800K, 99% used [0x00000000df700000,0x00000000e0379288,0x00000000e0380000)
  to   space 17408K, 0% used [0x00000000e4d80000,0x00000000e4d80000,0x00000000e5e80000)
 ParOldGen       total 48128K, used 23766K [0x0000000080000000, 0x0000000082f00000, 0x00000000d5580000)
  object space 48128K, 49% used [0x0000000080000000,0x0000000081735910,0x0000000082f00000)
 Metaspace       used 49424K, capacity 51030K, committed 51368K, reserved 1093632K
  class space    used 6621K, capacity 7018K, committed 7088K, reserved 1048576K
}
Event: 130.523 GC heap before
{Heap before GC invocations=14 (full 2):
 PSYoungGen      total 178176K, used 107210K [0x00000000d5580000, 0x00000000e5e80000, 0x0000000100000000)
  eden space 165376K, 57% used [0x00000000d5580000,0x00000000db1b9868,0x00000000df700000)
  from space 12800K, 99% used [0x00000000df700000,0x00000000e0379288,0x00000000e0380000)
  to   space 17408K, 0% used [0x00000000e4d80000,0x00000000e4d80000,0x00000000e5e80000)
 ParOldGen       total 48128K, used 23766K [0x0000000080000000, 0x0000000082f00000, 0x00000000d5580000)
  object space 48128K, 49% used [0x0000000080000000,0x0000000081735910,0x0000000082f00000)
 Metaspace       used 57145K, capacity 59114K, committed 59160K, reserved 1099776K
  class space    used 7847K, capacity 8330K, committed 8368K, reserved 1048576K
Event: 130.560 GC heap after
Heap after GC invocations=14 (full 2):
 PSYoungGen      total 242688K, used 10415K [0x00000000d5580000, 0x00000000e5900000, 0x0000000100000000)
  eden space 230912K, 0% used [0x00000000d5580000,0x00000000d5580000,0x00000000e3700000)
  from space 11776K, 88% used [0x00000000e4d80000,0x00000000e57abe80,0x00000000e5900000)
  to   space 17408K, 0% used [0x00000000e3700000,0x00000000e3700000,0x00000000e4800000)
 ParOldGen       total 48128K, used 33911K [0x0000000080000000, 0x0000000082f00000, 0x00000000d5580000)
  object space 48128K, 70% used [0x0000000080000000,0x000000008211de48,0x0000000082f00000)
 Metaspace       used 57145K, capacity 59114K, committed 59160K, reserved 1099776K
  class space    used 7847K, capacity 8330K, committed 8368K, reserved 1048576K
}
Event: 130.560 GC heap before
{Heap before GC invocations=15 (full 3):
 PSYoungGen      total 242688K, used 10415K [0x00000000d5580000, 0x00000000e5900000, 0x0000000100000000)
  eden space 230912K, 0% used [0x00000000d5580000,0x00000000d5580000,0x00000000e3700000)
  from space 11776K, 88% used [0x00000000e4d80000,0x00000000e57abe80,0x00000000e5900000)
  to   space 17408K, 0% used [0x00000000e3700000,0x00000000e3700000,0x00000000e4800000)
 ParOldGen       total 48128K, used 33911K [0x0000000080000000, 0x0000000082f00000, 0x00000000d5580000)
  object space 48128K, 70% used [0x0000000080000000,0x000000008211de48,0x0000000082f00000)
 Metaspace       used 57145K, capacity 59114K, committed 59160K, reserved 1099776K
  class space    used 7847K, capacity 8330K, committed 8368K, reserved 1048576K
Event: 130.919 GC heap after
Heap after GC invocations=15 (full 3):
 PSYoungGen      total 242688K, used 0K [0x00000000d5580000, 0x00000000e5900000, 0x0000000100000000)
  eden space 230912K, 0% used [0x00000000d5580000,0x00000000d5580000,0x00000000e3700000)
  from space 11776K, 0% used [0x00000000e4d80000,0x00000000e4d80000,0x00000000e5900000)
  to   space 17408K, 0% used [0x00000000e3700000,0x00000000e3700000,0x00000000e4800000)
 ParOldGen       total 74752K, used 33067K [0x0000000080000000, 0x0000000084900000, 0x00000000d5580000)
  object space 74752K, 44% used [0x0000000080000000,0x000000008204ae98,0x0000000084900000)
 Metaspace       used 57132K, capacity 59072K, committed 59160K, reserved 1099776K
  class space    used 7844K, capacity 8323K, committed 8368K, reserved 1048576K
}
Event: 172.562 GC heap before
{Heap before GC invocations=16 (full 3):
 PSYoungGen      total 242688K, used 230912K [0x00000000d5580000, 0x00000000e5900000, 0x0000000100000000)
  eden space 230912K, 100% used [0x00000000d5580000,0x00000000e3700000,0x00000000e3700000)
  from space 11776K, 0% used [0x00000000e4d80000,0x00000000e4d80000,0x00000000e5900000)
  to   space 17408K, 0% used [0x00000000e3700000,0x00000000e3700000,0x00000000e4800000)
 ParOldGen       total 74752K, used 33067K [0x0000000080000000, 0x0000000084900000, 0x00000000d5580000)
  object space 74752K, 44% used [0x0000000080000000,0x000000008204ae98,0x0000000084900000)
 Metaspace       used 66647K, capacity 69822K, committed 69928K, reserved 1110016K
  class space    used 9114K, capacity 9748K, committed 9776K, reserved 1048576K
Event: 175.362 GC heap after
Heap after GC invocations=16 (full 3):
 PSYoungGen      total 248320K, used 17394K [0x00000000d5580000, 0x00000000ec580000, 0x0000000100000000)
  eden space 230912K, 0% used [0x00000000d5580000,0x00000000d5580000,0x00000000e3700000)
  from space 17408K, 99% used [0x00000000e3700000,0x00000000e47fca88,0x00000000e4800000)
  to   space 20992K, 0% used [0x00000000eb100000,0x00000000eb100000,0x00000000ec580000)
 ParOldGen       total 74752K, used 35273K [0x0000000080000000, 0x0000000084900000, 0x00000000d5580000)
  object space 74752K, 47% used [0x0000000080000000,0x00000000822724e8,0x0000000084900000)
 Metaspace       used 66647K, capacity 69822K, committed 69928K, reserved 1110016K
  class space    used 9114K, capacity 9748K, committed 9776K, reserved 1048576K
}
Event: 353.899 GC heap before
{Heap before GC invocations=17 (full 3):
 PSYoungGen      total 248320K, used 248306K [0x00000000d5580000, 0x00000000ec580000, 0x0000000100000000)
  eden space 230912K, 99% used [0x00000000d5580000,0x00000000e36fff00,0x00000000e3700000)
  from space 17408K, 99% used [0x00000000e3700000,0x00000000e47fca88,0x00000000e4800000)
  to   space 20992K, 0% used [0x00000000eb100000,0x00000000eb100000,0x00000000ec580000)
 ParOldGen       total 74752K, used 35273K [0x0000000080000000, 0x0000000084900000, 0x00000000d5580000)
  object space 74752K, 47% used [0x0000000080000000,0x00000000822724e8,0x0000000084900000)
 Metaspace       used 70636K, capacity 73942K, committed 74024K, reserved 1114112K
  class space    used 9550K, capacity 10210K, committed 10288K, reserved 1048576K
Event: 354.445 GC heap after
Heap after GC invocations=17 (full 3):
 PSYoungGen      total 341504K, used 6294K [0x00000000d5580000, 0x00000000ebe00000, 0x0000000100000000)
  eden space 328192K, 0% used [0x00000000d5580000,0x00000000d5580000,0x00000000e9600000)
  from space 13312K, 47% used [0x00000000eb100000,0x00000000eb725b90,0x00000000ebe00000)
  to   space 20480K, 0% used [0x00000000e9600000,0x00000000e9600000,0x00000000eaa00000)
 ParOldGen       total 74752K, used 48010K [0x0000000080000000, 0x0000000084900000, 0x00000000d5580000)
  object space 74752K, 64% used [0x0000000080000000,0x0000000082ee2bc8,0x0000000084900000)
 Metaspace       used 70636K, capacity 73942K, committed 74024K, reserved 1114112K
  class space    used 9550K, capacity 10210K, committed 10288K, reserved 1048576K
}
Event: 668.338 GC heap before
{Heap before GC invocations=18 (full 3):
 PSYoungGen      total 341504K, used 334486K [0x00000000d5580000, 0x00000000ebe00000, 0x0000000100000000)
  eden space 328192K, 100% used [0x00000000d5580000,0x00000000e9600000,0x00000000e9600000)
  from space 13312K, 47% used [0x00000000eb100000,0x00000000eb725b90,0x00000000ebe00000)
  to   space 20480K, 0% used [0x00000000e9600000,0x00000000e9600000,0x00000000eaa00000)
 ParOldGen       total 74752K, used 48010K [0x0000000080000000, 0x0000000084900000, 0x00000000d5580000)
  object space 74752K, 64% used [0x0000000080000000,0x0000000082ee2bc8,0x0000000084900000)
 Metaspace       used 85238K, capacity 89414K, committed 89640K, reserved 1126400K
  class space    used 11521K, capacity 12334K, committed 12336K, reserved 1048576K

